<?xml version="1.0" encoding="UTF-8"?>
<!-- Generated by org.testng.reporters.JUnitReportReporter -->
<<<<<<< HEAD
<testsuite hostname="DESKTOP-PSPSVDJ" failures="0" tests="1" name="com.selenium.practice.Practice2" time="104.887" errors="0" timestamp="2022-02-04T23:03:44 EST" skipped="0">
  <testcase classname="com.selenium.practice.Practice2" name="carouselCount" time="104.887"/>
=======
<testsuite hostname="DESKTOP-GQ5M7KR" failures="0" tests="1" name="com.selenium.practice.Practice2" time="2.644" errors="0" timestamp="2022-01-27T16:03:29 EST" skipped="0">
  <testcase classname="com.selenium.practice.Practice2" name="carouselCount" time="2.644"/>
>>>>>>> 416c0780731aa1c4fa80dfa65d8e5fac9bb3d7fe
  <system-out/>
</testsuite> <!-- com.selenium.practice.Practice2 -->
