<?xml version="1.0" encoding="UTF-8"?>
<!-- Generated by org.testng.reporters.JUnitReportReporter -->
<testsuite hostname="DESKTOP-PSPSVDJ" failures="0" tests="1" name="com.selenium.practice.Practice1Solution" time="24.923" errors="0" timestamp="2022-01-24T22:31:33 EST" skipped="0">
  <testcase classname="com.selenium.practice.Practice1Solution" name="assignment1" time="24.923"/>
  <system-out/>
</testsuite> <!-- com.selenium.practice.Practice1Solution -->
