<?xml version="1.0" encoding="UTF-8"?>
<!-- Generated by org.testng.reporters.JUnitReportReporter -->
<testsuite hostname="DESKTOP-GQ5M7KR" failures="0" tests="1" name="com.selenium.practice.Practice2" time="2.644" errors="0" timestamp="2022-01-27T16:03:29 EST" skipped="0">
  <testcase classname="com.selenium.practice.Practice2" name="carouselCount" time="2.644"/>
  <system-out/>
</testsuite> <!-- com.selenium.practice.Practice2 -->
