<?xml version="1.0" encoding="UTF-8"?>
<!-- Generated by org.testng.reporters.JUnitReportReporter -->
<testsuite hostname="DESKTOP-GQ5M7KR" failures="0" tests="1" name="com.selenium.practice.Practice2" time="103.781" errors="0" timestamp="2022-02-04T23:41:45 EST" skipped="0">
  <testcase classname="com.selenium.practice.Practice2" name="carouselCount" time="103.781"/>
  <system-out/>
</testsuite> <!-- com.selenium.practice.Practice2 -->
