<?xml version="1.0" encoding="UTF-8"?>
<!-- Generated by org.testng.reporters.JUnitReportReporter -->
<testsuite hostname="DESKTOP-GQ5M7KR" failures="0" tests="1" name="com.selenium.practice.Practice1" time="20.501" errors="0" timestamp="2022-01-22T20:57:47 EST" skipped="0">
  <testcase classname="com.selenium.practice.Practice1" name="assignment1" time="20.501"/>
  <system-out/>
</testsuite> <!-- com.selenium.practice.Practice1 -->
