<?xml version="1.0" encoding="UTF-8"?>
<!-- Generated by org.testng.reporters.JUnitReportReporter -->
<testsuite hostname="DESKTOP-PSPSVDJ" failures="0" tests="1" name="com.selenium.practice.test" time="104.918" errors="0" timestamp="2022-02-04T23:00:14 EST" skipped="0">
  <testcase classname="com.selenium.practice.test" name="carouselCount" time="104.918"/>
  <system-out/>
</testsuite> <!-- com.selenium.practice.test -->
