<?xml version="1.0" encoding="UTF-8"?>
<!-- Generated by org.testng.reporters.JUnitReportReporter -->
<testsuite hostname="DESKTOP-GQ5M7KR" failures="0" tests="1" name="com.selenium.practice.BrokenLinks" time="17.859" errors="0" timestamp="2022-02-07T17:51:35 EST" skipped="0">
  <testcase classname="com.selenium.practice.BrokenLinks" name="brokenlinks" time="17.859"/>
  <system-out/>
</testsuite> <!-- com.selenium.practice.BrokenLinks -->
