<?xml version="1.0" encoding="UTF-8"?>
<!-- Generated by org.testng.reporters.JUnitReportReporter -->
<testsuite hostname="DESKTOP-GQ5M7KR" failures="0" tests="1" name="com.selenium.practice.practice3" time="0.631" errors="0" timestamp="2022-02-07T20:34:24 EST" skipped="0">
  <testcase classname="com.selenium.practice.practice3" name="addtocart" time="0.631"/>
  <system-out/>
</testsuite> <!-- com.selenium.practice.practice3 -->
