<?xml version="1.0" encoding="UTF-8"?>
<!-- Generated by org.testng.reporters.JUnitReportReporter -->
<testsuite hostname="DESKTOP-PSPSVDJ" failures="0" tests="1" name="com.selenium.practice.Practice2" time="104.685" errors="0" timestamp="2022-02-04T23:14:53 EST" skipped="0">
  <testcase classname="com.selenium.practice.Practice2" name="carouselCount" time="104.685"/>
  <system-out/>
</testsuite> <!-- com.selenium.practice.Practice2 -->
